\BOOKMARK [0][-]{chapter*.1}{\376\377\000T\000a\000b\000l\000e\000\040\000o\000f\000\040\000c\000o\000n\000t\000e\000n\000t\000s}{}% 1
\BOOKMARK [0][-]{chapter.1}{\376\377\000s\000p\000h\000i\000n\000x\116\313\176\315}{}% 2
\BOOKMARK [1][-]{section.1.1}{\376\377\127\372\147\054\116\313\176\315}{chapter.1}% 3
\BOOKMARK [1][-]{section.1.2}{\376\377\133\211\210\305}{chapter.1}% 4
\BOOKMARK [2][-]{subsection.1.2.1}{\376\377\000L\000i\000n\000u\000x}{section.1.2}% 5
\BOOKMARK [3][-]{section*.3}{\376\377\000D\000e\000b\000i\000a\000n\000/\000U\000b\000u\000n\000t\000u}{subsection.1.2.1}% 6
\BOOKMARK [3][-]{section*.4}{\376\377\000R\000H\000E\000L\000,\000\040\000C\000e\000n\000t\000O\000S}{subsection.1.2.1}% 7
\BOOKMARK [2][-]{subsection.1.2.2}{\376\377\000P\000y\000P\000I}{section.1.2}% 8
\BOOKMARK [2][-]{subsection.1.2.3}{\376\377\156\220\170\001\133\211\210\305}{section.1.2}% 9
\BOOKMARK [1][-]{section.1.3}{\376\377\116\016\121\166\116\326\150\007\213\260\213\355\212\000\116\222\166\370\217\154\143\142}{chapter.1}% 10
\BOOKMARK [1][-]{section.1.4}{\376\377\137\353\220\037\137\000\131\313}{chapter.1}% 11
\BOOKMARK [0][-]{chapter.2}{\376\377\000s\000p\000h\000i\000n\000x\221\115\177\156}{}% 12
\BOOKMARK [1][-]{section.2.1}{\376\377\230\171\166\356\117\341\140\157}{chapter.2}% 13
\BOOKMARK [1][-]{section.2.2}{\376\377\116\000\202\054\221\115\177\156\230\171}{chapter.2}% 14
\BOOKMARK [2][-]{subsection.2.2.1}{\376\377\000e\000x\000t\000e\000n\000s\000i\000o\000n\000s}{section.2.2}% 15
\BOOKMARK [2][-]{subsection.2.2.2}{\376\377\000s\000o\000u\000r\000c\000e\000\137\000s\000u\000f\000f\000i\000x}{section.2.2}% 16
\BOOKMARK [2][-]{subsection.2.2.3}{\376\377\000s\000o\000u\000r\000c\000e\000\137\000e\000n\000c\000o\000d\000i\000n\000g}{section.2.2}% 17
\BOOKMARK [2][-]{subsection.2.2.4}{\376\377\000s\000o\000u\000r\000c\000e\000\137\000p\000a\000r\000s\000e\000r\000s}{section.2.2}% 18
\BOOKMARK [2][-]{subsection.2.2.5}{\376\377\000m\000a\000s\000t\000e\000r\000\137\000d\000o\000c}{section.2.2}% 19
\BOOKMARK [2][-]{subsection.2.2.6}{\376\377\000e\000x\000c\000l\000u\000d\000e\000\137\000p\000a\000t\000t\000e\000r\000n\000s}{section.2.2}% 20
\BOOKMARK [2][-]{subsection.2.2.7}{\376\377\000t\000e\000m\000p\000l\000a\000t\000e\000s\000\137\000p\000a\000t\000h}{section.2.2}% 21
\BOOKMARK [2][-]{subsection.2.2.8}{\376\377\000r\000s\000t\000\137\000e\000p\000i\000l\000o\000g}{section.2.2}% 22
\BOOKMARK [2][-]{subsection.2.2.9}{\376\377\000r\000s\000t\000\137\000p\000r\000o\000l\000o\000g}{section.2.2}% 23
\BOOKMARK [2][-]{subsection.2.2.10}{\376\377\000p\000r\000i\000m\000a\000r\000y\000\137\000d\000o\000m\000a\000i\000n}{section.2.2}% 24
\BOOKMARK [2][-]{subsection.2.2.11}{\376\377\000d\000e\000f\000a\000u\000l\000t\000\137\000r\000o\000l\000e}{section.2.2}% 25
\BOOKMARK [2][-]{subsection.2.2.12}{\376\377\000k\000e\000e\000p\000\137\000w\000a\000r\000n\000i\000n\000g\000s}{section.2.2}% 26
\BOOKMARK [2][-]{subsection.2.2.13}{\376\377\000s\000u\000p\000p\000r\000e\000s\000s\000\137\000w\000a\000r\000n\000i\000n\000g\000s}{section.2.2}% 27
\BOOKMARK [2][-]{subsection.2.2.14}{\376\377\000n\000e\000e\000d\000s\000\137\000s\000p\000h\000i\000n\000x}{section.2.2}% 28
\BOOKMARK [2][-]{subsection.2.2.15}{\376\377\000n\000e\000e\000d\000s\000\137\000e\000x\000t\000e\000n\000s\000i\000o\000n\000s}{section.2.2}% 29
\BOOKMARK [2][-]{subsection.2.2.16}{\376\377\000m\000a\000n\000p\000a\000g\000e\000s\000\137\000u\000r\000l}{section.2.2}% 30
\BOOKMARK [2][-]{subsection.2.2.17}{\376\377\000n\000u\000m\000f\000i\000g}{section.2.2}% 31
\BOOKMARK [2][-]{subsection.2.2.18}{\376\377\000n\000u\000m\000f\000i\000g\000\137\000f\000o\000r\000m\000a\000t}{section.2.2}% 32
\BOOKMARK [2][-]{subsection.2.2.19}{\376\377\000n\000u\000m\000f\000i\000g\000\137\000s\000e\000c\000n\000u\000m\000\137\000d\000e\000p\000t\000h}{section.2.2}% 33
\BOOKMARK [2][-]{subsection.2.2.20}{\376\377\000s\000m\000a\000r\000t\000q\000u\000o\000t\000e\000s}{section.2.2}% 34
\BOOKMARK [2][-]{subsection.2.2.21}{\376\377\000s\000m\000a\000r\000t\000q\000u\000o\000t\000e\000s\000\137\000a\000c\000t\000i\000o\000n}{section.2.2}% 35
\BOOKMARK [2][-]{subsection.2.2.22}{\376\377\000s\000m\000a\000r\000t\000q\000u\000o\000t\000e\000s\000\137\000e\000x\000c\000l\000u\000d\000e\000s}{section.2.2}% 36
\BOOKMARK [2][-]{subsection.2.2.23}{\376\377\000t\000l\000s\000\137\000v\000e\000r\000i\000f\000y}{section.2.2}% 37
\BOOKMARK [2][-]{subsection.2.2.24}{\376\377\000t\000l\000s\000\137\000c\000a\000c\000e\000r\000t\000s}{section.2.2}% 38
\BOOKMARK [2][-]{subsection.2.2.25}{\376\377\000h\000i\000g\000h\000l\000i\000g\000h\000t\000\137\000l\000a\000n\000g\000u\000a\000g\000e}{section.2.2}% 39
\BOOKMARK [2][-]{subsection.2.2.26}{\376\377\000h\000i\000g\000h\000l\000i\000g\000h\000t\000\137\000o\000p\000t\000i\000o\000n\000s}{section.2.2}% 40
\BOOKMARK [2][-]{subsection.2.2.27}{\376\377\000p\000y\000g\000m\000e\000n\000t\000s\000\137\000s\000t\000y\000l\000e}{section.2.2}% 41
\BOOKMARK [2][-]{subsection.2.2.28}{\376\377\000a\000d\000d\000\137\000f\000u\000n\000c\000t\000i\000o\000n\000\137\000p\000a\000r\000e\000n\000t\000h\000e\000s\000e\000s}{section.2.2}% 42
\BOOKMARK [2][-]{subsection.2.2.29}{\376\377\000a\000d\000d\000\137\000m\000o\000d\000u\000l\000e\000\137\000n\000a\000m\000e\000s}{section.2.2}% 43
\BOOKMARK [2][-]{subsection.2.2.30}{\376\377\000s\000h\000o\000w\000\137\000a\000u\000t\000h\000o\000r\000s}{section.2.2}% 44
\BOOKMARK [2][-]{subsection.2.2.31}{\376\377\000m\000o\000d\000i\000n\000d\000e\000x\000\137\000c\000o\000m\000m\000o\000n\000\137\000p\000r\000e\000f\000i\000x}{section.2.2}% 45
\BOOKMARK [2][-]{subsection.2.2.32}{\376\377\000t\000r\000i\000m\000\137\000f\000o\000o\000t\000n\000o\000t\000e\000\137\000r\000e\000f\000e\000r\000e\000n\000c\000e\000\137\000s\000p\000a\000c\000e}{section.2.2}% 46
\BOOKMARK [2][-]{subsection.2.2.33}{\376\377\000t\000r\000i\000m\000\137\000d\000o\000c\000t\000e\000s\000t\000\137\000f\000l\000a\000g\000s}{section.2.2}% 47
\BOOKMARK [1][-]{section.2.3}{\376\377\126\375\226\105\123\026\220\011\230\171}{chapter.2}% 48
\BOOKMARK [2][-]{subsection.2.3.1}{\376\377\000l\000o\000c\000a\000l\000e\000\137\000d\000i\000r\000s}{section.2.3}% 49
\BOOKMARK [2][-]{subsection.2.3.2}{\376\377\000g\000e\000t\000t\000e\000x\000t\000\137\000c\000o\000m\000p\000a\000c\000t}{section.2.3}% 50
\BOOKMARK [2][-]{subsection.2.3.3}{\376\377\000g\000e\000t\000t\000e\000x\000t\000\137\000u\000u\000i\000d}{section.2.3}% 51
\BOOKMARK [2][-]{subsection.2.3.4}{\376\377\000g\000e\000t\000t\000e\000x\000t\000\137\000l\000o\000c\000a\000t\000i\000o\000n}{section.2.3}% 52
\BOOKMARK [2][-]{subsection.2.3.5}{\376\377\000g\000e\000t\000t\000e\000x\000t\000\137\000a\000u\000t\000o\000\137\000b\000u\000i\000l\000d}{section.2.3}% 53
\BOOKMARK [2][-]{subsection.2.3.6}{\376\377\000g\000e\000t\000t\000e\000x\000t\000\137\000a\000d\000d\000i\000t\000i\000o\000n\000a\000l\000\137\000t\000a\000r\000g\000e\000t\000s}{section.2.3}% 54
\BOOKMARK [2][-]{subsection.2.3.7}{\376\377\000f\000i\000g\000u\000r\000e\000\137\000l\000a\000n\000g\000u\000a\000g\000e\000\137\000f\000i\000l\000e\000n\000a\000m\000e}{section.2.3}% 55
\BOOKMARK [1][-]{section.2.4}{\376\377\145\160\133\146\220\011\230\171}{chapter.2}% 56
\BOOKMARK [1][-]{section.2.5}{\376\377\000H\000T\000M\000L\217\223\121\372\220\011\230\171}{chapter.2}% 57
\BOOKMARK [2][-]{subsection.2.5.1}{\376\377\000h\000t\000m\000l\116\073\230\230\000h\000t\000m\000l\000\137\000t\000h\000e\000m\000e}{section.2.5}% 58
\BOOKMARK [2][-]{subsection.2.5.2}{\376\377\000h\000t\000m\000l\000\137\000t\000h\000e\000m\000e\000\137\000o\000p\000t\000i\000o\000n\000s}{section.2.5}% 59
\BOOKMARK [2][-]{subsection.2.5.3}{\376\377\000h\000t\000m\000l\000\137\000t\000h\000e\000m\000e\000\137\000p\000a\000t\000h}{section.2.5}% 60
\BOOKMARK [2][-]{subsection.2.5.4}{\376\377\000h\000t\000m\000l\000\137\000s\000t\000y\000l\000e}{section.2.5}% 61
\BOOKMARK [2][-]{subsection.2.5.5}{\376\377\000h\000t\000m\000l\000\137\000t\000i\000t\000l\000e}{section.2.5}% 62
\BOOKMARK [2][-]{subsection.2.5.6}{\376\377\000h\000t\000m\000l\000\137\000b\000a\000s\000e\000u\000r\000l}{section.2.5}% 63
\BOOKMARK [2][-]{subsection.2.5.7}{\376\377\000h\000t\000m\000l\000\137\000l\000o\000g\000o}{section.2.5}% 64
\BOOKMARK [2][-]{subsection.2.5.8}{\376\377\000h\000t\000m\000l\000\137\000f\000a\000v\000i\000c\000o\000n}{section.2.5}% 65
\BOOKMARK [2][-]{subsection.2.5.9}{\376\377\000h\000t\000m\000l\000\137\000c\000s\000s\000\137\000f\000i\000l\000e\000s}{section.2.5}% 66
\BOOKMARK [2][-]{subsection.2.5.10}{\376\377\000h\000t\000m\000l\000\137\000j\000s\000\137\000f\000i\000l\000e\000s}{section.2.5}% 67
\BOOKMARK [2][-]{subsection.2.5.11}{\376\377\000h\000t\000m\000l\000\137\000s\000t\000a\000t\000i\000c\000\137\000p\000a\000t\000h}{section.2.5}% 68
\BOOKMARK [2][-]{subsection.2.5.12}{\376\377\000h\000t\000m\000l\000\137\000e\000x\000t\000r\000a\000\137\000p\000a\000t\000h}{section.2.5}% 69
\BOOKMARK [2][-]{subsection.2.5.13}{\376\377\000h\000t\000m\000l\000\137\000l\000a\000s\000t\000\137\000u\000p\000d\000a\000t\000e\000d\000\137\000f\000m\000t}{section.2.5}% 70
\BOOKMARK [2][-]{subsection.2.5.14}{\376\377\000h\000t\000m\000l\000\137\000u\000s\000e\000\137\000s\000m\000a\000r\000t\000y\000p\000a\000n\000t\000s}{section.2.5}% 71
\BOOKMARK [2][-]{subsection.2.5.15}{\376\377\000h\000t\000m\000l\000\137\000a\000d\000d\000\137\000p\000e\000r\000m\000a\000l\000i\000n\000k\000s}{section.2.5}% 72
\BOOKMARK [2][-]{subsection.2.5.16}{\376\377\000h\000t\000m\000l\000\137\000s\000i\000d\000e\000b\000a\000r\000s}{section.2.5}% 73
\BOOKMARK [2][-]{subsection.2.5.17}{\376\377\000h\000t\000m\000l\000\137\000a\000d\000d\000i\000t\000i\000o\000n\000a\000l\000\137\000p\000a\000g\000e\000s}{section.2.5}% 74
\BOOKMARK [2][-]{subsection.2.5.18}{\376\377\000h\000t\000m\000l\000\137\000d\000o\000m\000a\000i\000n\000\137\000i\000n\000d\000i\000c\000e\000s}{section.2.5}% 75
\BOOKMARK [2][-]{subsection.2.5.19}{\376\377\000h\000t\000m\000l\000\137\000u\000s\000e\000\137\000i\000n\000d\000e\000x}{section.2.5}% 76
\BOOKMARK [2][-]{subsection.2.5.20}{\376\377\000h\000t\000m\000l\000\137\000s\000p\000l\000i\000t\000\137\000i\000n\000d\000e\000x}{section.2.5}% 77
\BOOKMARK [2][-]{subsection.2.5.21}{\376\377\000h\000t\000m\000l\000\137\000c\000o\000p\000y\000\137\000s\000o\000u\000r\000c\000e}{section.2.5}% 78
\BOOKMARK [2][-]{subsection.2.5.22}{\376\377\000h\000t\000m\000l\000\137\000s\000h\000o\000w\000\137\000s\000o\000u\000r\000c\000e\000l\000i\000n\000k}{section.2.5}% 79
\BOOKMARK [2][-]{subsection.2.5.23}{\376\377\000h\000t\000m\000l\000\137\000s\000o\000u\000r\000c\000e\000l\000i\000n\000k\000\137\000s\000u\000f\000f\000i\000x}{section.2.5}% 80
\BOOKMARK [2][-]{subsection.2.5.24}{\376\377\000h\000t\000m\000l\000\137\000u\000s\000e\000\137\000o\000p\000e\000n\000s\000e\000a\000r\000c\000h}{section.2.5}% 81
\BOOKMARK [2][-]{subsection.2.5.25}{\376\377\000h\000t\000m\000l\000\137\000f\000i\000l\000e\000\137\000s\000u\000f\000f\000i\000x}{section.2.5}% 82
\BOOKMARK [2][-]{subsection.2.5.26}{\376\377\000h\000t\000m\000l\000\137\000l\000i\000n\000k\000\137\000s\000u\000f\000f\000i\000x}{section.2.5}% 83
\BOOKMARK [2][-]{subsection.2.5.27}{\376\377\000h\000t\000m\000l\000\137\000s\000h\000o\000w\000\137\000c\000o\000p\000y\000r\000i\000g\000h\000t}{section.2.5}% 84
\BOOKMARK [2][-]{subsection.2.5.28}{\376\377\000h\000t\000m\000l\000\137\000s\000h\000o\000w\000\137\000s\000p\000h\000i\000n\000x}{section.2.5}% 85
\BOOKMARK [2][-]{subsection.2.5.29}{\376\377\000h\000t\000m\000l\000\137\000o\000u\000t\000p\000u\000t\000\137\000e\000n\000c\000o\000d\000i\000n\000g}{section.2.5}% 86
\BOOKMARK [2][-]{subsection.2.5.30}{\376\377\000h\000t\000m\000l\000\137\000c\000o\000m\000p\000a\000c\000t\000\137\000l\000i\000s\000t\000s}{section.2.5}% 87
\BOOKMARK [2][-]{subsection.2.5.31}{\376\377\000h\000t\000m\000l\000\137\000s\000e\000c\000n\000u\000m\000b\000e\000r\000\137\000s\000u\000f\000f\000i\000x}{section.2.5}% 88
\BOOKMARK [2][-]{subsection.2.5.32}{\376\377\000h\000t\000m\000l\000\137\000s\000e\000a\000r\000c\000h\000\137\000l\000a\000n\000g\000u\000a\000g\000e}{section.2.5}% 89
\BOOKMARK [2][-]{subsection.2.5.33}{\376\377\000h\000t\000m\000l\000\137\000s\000e\000a\000r\000c\000h\000\137\000o\000p\000t\000i\000o\000n\000s}{section.2.5}% 90
\BOOKMARK [2][-]{subsection.2.5.34}{\376\377\000h\000t\000m\000l\000\137\000s\000e\000a\000r\000c\000h\000\137\000s\000c\000o\000r\000e\000r}{section.2.5}% 91
\BOOKMARK [2][-]{subsection.2.5.35}{\376\377\000h\000t\000m\000l\000\137\000s\000c\000a\000l\000e\000d\000\137\000i\000m\000a\000g\000e\000\137\000l\000i\000n\000k}{section.2.5}% 92
\BOOKMARK [2][-]{subsection.2.5.36}{\376\377\000h\000t\000m\000l\000\137\000m\000a\000t\000h\000\137\000r\000e\000n\000d\000e\000r\000e\000r}{section.2.5}% 93
\BOOKMARK [2][-]{subsection.2.5.37}{\376\377\000s\000i\000n\000g\000l\000e\000h\000t\000m\000l\000\137\000s\000i\000d\000e\000b\000a\000r\000s}{section.2.5}% 94
\BOOKMARK [2][-]{subsection.2.5.38}{\376\377\000h\000t\000m\000l\000h\000e\000l\000p\000\137\000b\000a\000s\000e\000n\000a\000m\000e}{section.2.5}% 95
\BOOKMARK [2][-]{subsection.2.5.39}{\376\377\000h\000t\000m\000l\000h\000e\000l\000p\000\137\000f\000i\000l\000e\000\137\000s\000u\000f\000f\000i\000x}{section.2.5}% 96
\BOOKMARK [2][-]{subsection.2.5.40}{\376\377\000h\000t\000m\000l\000h\000e\000l\000p\000\137\000l\000i\000n\000k\000\137\000s\000u\000f\000f\000i\000x}{section.2.5}% 97
\BOOKMARK [1][-]{section.2.6}{\376\377\000E\000P\000U\000B\217\223\121\372\221\115\177\156\230\171}{chapter.2}% 98
\BOOKMARK [1][-]{section.2.7}{\376\377\000L\000a\000T\000e\000X\217\223\121\372\221\115\177\156\230\171}{chapter.2}% 99
\BOOKMARK [1][-]{section.2.8}{\376\377\145\207\147\054\217\223\121\372\220\011\230\171}{chapter.2}% 100
\BOOKMARK [2][-]{subsection.2.8.1}{\376\377\000t\000e\000x\000t\000\137\000n\000e\000w\000l\000i\000n\000e\000s}{section.2.8}% 101
\BOOKMARK [2][-]{subsection.2.8.2}{\376\377\000t\000e\000x\000t\000\137\000s\000e\000c\000t\000i\000o\000n\000c\000h\000a\000r\000s}{section.2.8}% 102
\BOOKMARK [2][-]{subsection.2.8.3}{\376\377\000t\000e\000x\000t\000\137\000a\000d\000d\000\137\000s\000e\000c\000n\000u\000m\000b\000e\000r\000s}{section.2.8}% 103
\BOOKMARK [2][-]{subsection.2.8.4}{\376\377\000t\000e\000x\000t\000\137\000s\000e\000c\000n\000u\000m\000b\000e\000r\000\137\000s\000u\000f\000f\000i\000x}{section.2.8}% 104
\BOOKMARK [1][-]{section.2.9}{\376\377\000H\000T\000M\000L\116\073\230\230}{chapter.2}% 105
\BOOKMARK [2][-]{subsection.2.9.1}{\376\377\117\177\165\050\377\010\221\115\177\156\377\011\116\073\230\230}{section.2.9}% 106
\BOOKMARK [3][-]{section*.5}{\376\377\117\177\165\050\121\205\177\156\116\073\230\230}{subsection.2.9.1}% 107
\BOOKMARK [3][-]{section*.6}{\376\377\117\177\165\050\201\352\133\232\116\111\116\073\230\230}{subsection.2.9.1}% 108
\BOOKMARK [3][-]{section*.7}{\376\377\000p\000y\000t\000h\000o\000n\123\005\116\073\230\230}{subsection.2.9.1}% 109
\BOOKMARK [2][-]{subsection.2.9.2}{\376\377\121\205\177\156\116\073\230\230}{section.2.9}% 110
\BOOKMARK [3][-]{section*.8}{\376\377\000b\000a\000s\000i\000c}{subsection.2.9.2}% 111
\BOOKMARK [3][-]{section*.9}{\376\377\000a\000l\000a\000b\000a\000s\000t\000e\000r}{subsection.2.9.2}% 112
\BOOKMARK [3][-]{section*.10}{\376\377\000c\000l\000a\000s\000s\000i\000c}{subsection.2.9.2}% 113
\BOOKMARK [3][-]{section*.11}{\376\377\000s\000p\000h\000i\000n\000x\000d\000o\000c}{subsection.2.9.2}% 114
\BOOKMARK [3][-]{section*.12}{\376\377\000s\000c\000r\000o\000l\000l\000s}{subsection.2.9.2}% 115
\BOOKMARK [3][-]{section*.13}{\376\377\000a\000g\000o\000g\000o}{subsection.2.9.2}% 116
\BOOKMARK [3][-]{section*.14}{\376\377\000n\000a\000t\000u\000r\000e}{subsection.2.9.2}% 117
\BOOKMARK [3][-]{section*.15}{\376\377\000p\000y\000r\000a\000m\000i\000d}{subsection.2.9.2}% 118
\BOOKMARK [3][-]{section*.16}{\376\377\000h\000a\000i\000k\000u}{subsection.2.9.2}% 119
\BOOKMARK [3][-]{section*.17}{\376\377\000t\000r\000a\000d\000i\000t\000i\000o\000n\000a\000l}{subsection.2.9.2}% 120
\BOOKMARK [3][-]{section*.18}{\376\377\000e\000p\000u\000b}{subsection.2.9.2}% 121
\BOOKMARK [3][-]{section*.19}{\376\377\000b\000i\000z\000s\000t\000y\000l\000e}{subsection.2.9.2}% 122
\BOOKMARK [2][-]{subsection.2.9.3}{\376\377\173\054\116\011\145\271\116\073\230\230}{section.2.9}% 123
\BOOKMARK [3][-]{section*.20}{\376\377\000s\000p\000h\000i\000n\000x\000\137\000r\000t\000d\000\137\000t\000h\000e\000m\000e}{subsection.2.9.3}% 124
\BOOKMARK [1][-]{section.2.10}{\376\377\000M\000a\000r\000k\000d\000o\000w\000n\145\057\143\001}{chapter.2}% 125
\BOOKMARK [1][-]{section.2.11}{\376\377\000H\000T\000M\000L\152\041\147\177}{chapter.2}% 126
\BOOKMARK [1][-]{section.2.12}{\376\377\000s\000p\000h\000i\000n\000x\142\151\134\125\000e\000x\000t}{chapter.2}% 127
\BOOKMARK [2][-]{subsection.2.12.1}{\376\377\121\205\177\156\142\151\134\125}{section.2.12}% 128
\BOOKMARK [2][-]{subsection.2.12.2}{\376\377\131\026\220\350\142\151\134\125}{section.2.12}% 129
\BOOKMARK [1][-]{section.2.13}{\376\377\221\115\177\156\145\207\116\366\171\072\117\213}{chapter.2}% 130
\BOOKMARK [0][-]{chapter.3}{\376\377\000r\000e\000S\000t\000r\000u\000c\000t\000u\000r\000e\000T\000e\000x\000t\213\355\154\325}{}% 131
\BOOKMARK [1][-]{section.3.1}{\376\377\121\205\200\124\150\007\213\260\000\040\000I\000n\000l\000i\000n\000e\000\040\000M\000a\000r\000k\000u\000p}{chapter.3}% 132
\BOOKMARK [1][-]{section.3.2}{\376\377\123\315\145\234\147\140\217\154\116\111\000\040\000E\000s\000c\000a\000p\000i\000n\000g\000\040\000w\000i\000t\000h\000\040\000B\000a\000c\000k\000s\000l\000a\000s\000h\000e\000s}{chapter.3}% 133
\BOOKMARK [1][-]{section.3.3}{\376\377\172\340\202\202\150\007\213\260\000\040\000S\000e\000c\000t\000i\000o\000n\000\040\000S\000t\000r\000u\000c\000t\000u\000r\000e}{chapter.3}% 134
\BOOKMARK [1][-]{section.3.4}{\376\377\153\265\204\075\000\040\000P\000a\000r\000a\000g\000r\000a\000p\000h\000s}{chapter.3}% 135
\BOOKMARK [1][-]{section.3.5}{\376\377\145\340\136\217\122\027\210\150\000\040\000B\000u\000l\000l\000e\000t\000\040\000L\000i\000s\000t\000s}{chapter.3}% 136
\BOOKMARK [1][-]{section.3.6}{\376\377\147\011\136\217\122\027\210\150\000\040\000E\000n\000u\000m\000e\000r\000a\000t\000e\000d\000\040\000L\000i\000s\000t\000s}{chapter.3}% 137
\BOOKMARK [1][-]{section.3.7}{\376\377\133\232\116\111\122\027\210\150\000D\000e\000f\000i\000n\000i\000t\000i\000o\000n\000\040\000L\000i\000s\000t\000s}{chapter.3}% 138
\BOOKMARK [1][-]{section.3.8}{\376\377\133\127\153\265\122\027\210\150\000\040\000F\000i\000e\000l\000d\000\040\000L\000i\000s\000t\000s}{chapter.3}% 139
\BOOKMARK [1][-]{section.3.9}{\376\377\123\302\145\160\000\050\220\011\230\171\000\051\122\027\210\150\000\040\000O\000p\000t\000i\000o\000n\000\040\000L\000i\000s\000t\000s}{chapter.3}% 140
\BOOKMARK [1][-]{section.3.10}{\376\377\145\207\133\127\127\127\000\040\000L\000i\000t\000e\000r\000a\000l\000\040\000B\000l\000o\000c\000k\000s}{chapter.3}% 141
\BOOKMARK [1][-]{section.3.11}{\376\377\210\114\127\127\000\040\000L\000i\000n\000e\000\040\000B\000l\000o\000c\000k\000s}{chapter.3}% 142
\BOOKMARK [1][-]{section.3.12}{\376\377\127\127\137\025\165\050\000\040\000B\000l\000o\000c\000k\000\040\000Q\000u\000o\000t\000e\000s}{chapter.3}% 143
\BOOKMARK [1][-]{section.3.13}{\376\377\145\207\150\143\155\113\213\325\127\127\000\040\000D\000o\000c\000t\000e\000s\000t\000\040\000B\000l\000o\000c\000k\000s}{chapter.3}% 144
\BOOKMARK [1][-]{section.3.14}{\376\377\210\150\150\074\000\040\000T\000a\000b\000l\000e\000s}{chapter.3}% 145
\BOOKMARK [2][-]{subsection.3.14.1}{\376\377\177\121\150\074\210\150\150\074}{section.3.14}% 146
\BOOKMARK [2][-]{subsection.3.14.2}{\376\377\173\200\123\125\210\150\150\074}{section.3.14}% 147
\BOOKMARK [3][-]{section*.23}{\376\377\123\005\124\053\210\150\131\064\166\204\173\200\123\125\210\150\150\074}{subsection.3.14.2}% 148
\BOOKMARK [3][-]{section*.24}{\376\377\145\340\210\150\131\064\166\204\173\200\123\125\210\150\150\074}{subsection.3.14.2}% 149
\BOOKMARK [3][-]{section*.25}{\376\377\215\350\122\027\124\010\136\166}{subsection.3.14.2}% 150
\BOOKMARK [3][-]{section*.26}{\376\377\123\125\116\052\210\150\150\074\116\055\123\357\116\345\131\032\210\114}{subsection.3.14.2}% 151
\BOOKMARK [1][-]{section.3.15}{\376\377\000T\000r\000a\000n\000s\000i\000t\000i\000o\000n\000s}{chapter.3}% 152
\BOOKMARK [1][-]{section.3.16}{\376\377\201\032\154\350\000\040\000F\000o\000o\000t\000n\000o\000t\000e\000s}{chapter.3}% 153
\BOOKMARK [1][-]{section.3.17}{\376\377\137\025\165\050\000C\000i\000t\000a\000t\000i\000o\000n\000s}{chapter.3}% 154
\BOOKMARK [1][-]{section.3.18}{\376\377\215\205\224\376\143\245\000H\000y\000p\000e\000r\000l\000i\000n\000k\000\040\000T\000a\000r\000g\000e\000t\000s}{chapter.3}% 155
\BOOKMARK [2][-]{subsection.3.18.1}{\376\377\131\026\220\350\224\376\143\245\000\040\000E\000x\000t\000e\000r\000n\000a\000l\000\040\000H\000y\000p\000e\000r\000l\000i\000n\000k\000\040\000T\000a\000r\000g\000e\000t\000s}{section.3.18}% 156
\BOOKMARK [2][-]{subsection.3.18.2}{\376\377\225\032\160\271\224\376\143\245\000\040\000I\000n\000t\000e\000r\000n\000a\000l\000\040\000H\000y\000p\000e\000r\000l\000i\000n\000k\000\040\000T\000a\000r\000g\000e\000t\000s}{section.3.18}% 157
\BOOKMARK [2][-]{subsection.3.18.3}{\376\377\225\364\143\245\224\376\143\245\000\040\000I\000n\000d\000i\000r\000e\000c\000t\000\040\000H\000y\000p\000e\000r\000l\000i\000n\000k\000\040\000T\000a\000r\000g\000e\000t\000s}{section.3.18}% 158
\BOOKMARK [2][-]{subsection.3.18.4}{\376\377\000I\000m\000p\000l\000i\000c\000i\000t\000\040\000H\000y\000p\000e\000r\000l\000i\000n\000k\000\040\000T\000a\000r\000g\000e\000t\000s}{section.3.18}% 159
\BOOKMARK [1][-]{section.3.19}{\376\377\142\151\134\125\143\007\116\344\000\040\000D\000i\000r\000e\000c\000t\000i\000v\000e\000s}{chapter.3}% 160
\BOOKMARK [2][-]{subsection.3.19.1}{\376\377\213\146\124\112\117\341\140\157\000A\000d\000m\000o\000n\000i\000t\000i\000o\000n\000s}{section.3.19}% 161
\BOOKMARK [3][-]{section*.37}{\376\377\162\171\133\232\166\204\213\146\124\112\117\341\140\157}{subsection.3.19.1}% 162
\BOOKMARK [3][-]{section*.38}{\376\377\220\032\165\050\213\146\124\112\117\341\140\157\000G\000e\000n\000e\000r\000i\000c\000\040\000A\000d\000m\000o\000n\000i\000t\000i\000o\000n}{subsection.3.19.1}% 163
\BOOKMARK [2][-]{subsection.3.19.2}{\376\377\126\376\162\107\000I\000m\000a\000g\000e\000s}{section.3.19}% 164
\BOOKMARK [2][-]{subsection.3.19.3}{\376\377\230\165\227\142\121\103\175\040\000B\000o\000d\000y\000\040\000E\000l\000e\000m\000e\000n\000t\000s}{section.3.19}% 165
\BOOKMARK [2][-]{subsection.3.19.4}{\376\377\210\150\150\074\000T\000a\000b\000l\000e\000s}{section.3.19}% 166
\BOOKMARK [2][-]{subsection.3.19.5}{\376\377\145\207\150\143\000D\000o\000c\000u\000m\000e\000n\000t\000s}{section.3.19}% 167
\BOOKMARK [2][-]{subsection.3.19.6}{\376\377\000R\000e\000f\000e\000r\000e\000n\000c\000e\000s}{section.3.19}% 168
\BOOKMARK [2][-]{subsection.3.19.7}{\376\377\000H\000T\000M\000L\000-\000S\000p\000e\000c\000i\000f\000i\000c}{section.3.19}% 169
\BOOKMARK [2][-]{subsection.3.19.8}{\376\377\000S\000u\000b\000s\000t\000i\000t\000u\000t\000i\000o\000n\000\040\000D\000e\000f\000i\000n\000i\000t\000i\000o\000n\000s}{section.3.19}% 170
\BOOKMARK [2][-]{subsection.3.19.9}{\376\377\121\166\116\326}{section.3.19}% 171
\BOOKMARK [2][-]{subsection.3.19.10}{\376\377\220\032\165\050\143\007\116\344\220\011\230\171\123\302\145\160}{section.3.19}% 172
\BOOKMARK [1][-]{section.3.20}{\376\377\000S\000u\000b\000s\000t\000i\000t\000u\000t\000i\000o\000n\000\040\000R\000e\000f\000e\000r\000e\000n\000c\000e\000s\000\040\000a\000n\000d\000\040\000D\000e\000f\000i\000n\000i\000t\000i\000o\000n\000s}{chapter.3}% 173
\BOOKMARK [1][-]{section.3.21}{\376\377\000C\000o\000m\000m\000e\000n\000t\000s}{chapter.3}% 174
\BOOKMARK [0][-]{chapter.4}{\376\377\000R\000e\000f\000e\000r\000e\000n\000c\000e}{}% 175
\BOOKMARK [1][-]{section.4.1}{\376\377\177\026\217\221\135\345\121\167}{chapter.4}% 176
\BOOKMARK [1][-]{section.4.2}{\376\377\123\302\200\003\121\205\133\271}{chapter.4}% 177
\BOOKMARK [2][-]{subsection.4.2.1}{\376\377\000s\000p\000h\000i\000n\000x}{section.4.2}% 178
\BOOKMARK [2][-]{subsection.4.2.2}{\376\377\000r\000e\000S\000t\000r\000u\000c\000t\000u\000r\000e\000T\000e\000x\000t}{section.4.2}% 179
\BOOKMARK [0][-]{chapter.5}{\376\377\000P\000y\000g\000m\000e\000n\000t\000s}{}% 180
\BOOKMARK [0][-]{chapter.6}{\376\377\000I\000n\000d\000i\000c\000e\000s\000\040\000a\000n\000d\000\040\000t\000a\000b\000l\000e\000s}{}% 181
\BOOKMARK [0][-]{chapter*.39}{\376\377\000B\000i\000b\000l\000i\000o\000g\000r\000a\000p\000h\000y}{}% 182
\BOOKMARK [0][-]{chapter*.39}{\376\377\000B\000i\000b\000l\000i\000o\000g\000r\000a\000p\000h\000y}{}% 183
